
> codex-orchestrator@0.1.0 build
> tsc -p tsconfig.json

orchestrator/tests/CloudSyncWorker.test.ts(37,26): error TS2344: Type '(payload: UploadPayload) => Promise<UploadResult>' does not satisfy the constraint 'any[]'.
orchestrator/tests/CloudSyncWorker.test.ts(42,39): error TS2322: Type 'Mock<(payload: UploadPayload) => Promise<UploadResult>, any>' is not assignable to type '(payload: UploadPayload) => Promise<UploadResult>'.
  Types of parameters 'args' and 'payload' are incompatible.
    Type '[payload: UploadPayload]' is not assignable to type '(payload: UploadPayload) => Promise<UploadResult>'.
      Type '[payload: UploadPayload]' provides no match for the signature '(payload: UploadPayload): Promise<UploadResult>'.
orchestrator/tests/CloudSyncWorker.test.ts(54,12): error TS7053: Element implicitly has an 'any' type because expression of type '0' can't be used to index type '(payload: UploadPayload) => Promise<UploadResult>'.
  Property '0' does not exist on type '(payload: UploadPayload) => Promise<UploadResult>'.
orchestrator/tests/CloudSyncWorker.test.ts(67,26): error TS2344: Type '(payload: UploadPayload) => Promise<UploadResult>' does not satisfy the constraint 'any[]'.
orchestrator/tests/CloudSyncWorker.test.ts(71,39): error TS2322: Type 'Mock<(payload: UploadPayload) => Promise<UploadResult>, any>' is not assignable to type '(payload: UploadPayload) => Promise<UploadResult>'.
  Types of parameters 'args' and 'payload' are incompatible.
    Type '[payload: UploadPayload]' is not assignable to type '(payload: UploadPayload) => Promise<UploadResult>'.
      Type '[payload: UploadPayload]' provides no match for the signature '(payload: UploadPayload): Promise<UploadResult>'.
orchestrator/tests/CloudSyncWorker.test.ts(104,11): error TS2344: Type '(payload: UploadPayload) => Promise<UploadResult>' does not satisfy the constraint 'any[]'.
orchestrator/tests/CloudSyncWorker.test.ts(108,39): error TS2322: Type 'Mock<(payload: UploadPayload) => Promise<UploadResult>, any>' is not assignable to type '(payload: UploadPayload) => Promise<UploadResult>'.
  Types of parameters 'args' and 'payload' are incompatible.
    Type '[payload: UploadPayload]' is not assignable to type '(payload: UploadPayload) => Promise<UploadResult>'.
      Type '[payload: UploadPayload]' provides no match for the signature '(payload: UploadPayload): Promise<UploadResult>'.
orchestrator/tests/CloudSyncWorker.test.ts(163,11): error TS2344: Type '(payload: UploadPayload) => Promise<UploadResult>' does not satisfy the constraint 'any[]'.
orchestrator/tests/CloudSyncWorker.test.ts(166,47): error TS2322: Type 'Mock<(payload: UploadPayload) => Promise<UploadResult>, any>' is not assignable to type '(payload: UploadPayload) => Promise<UploadResult>'.
  Types of parameters 'args' and 'payload' are incompatible.
    Type '[payload: UploadPayload]' is not assignable to type '(payload: UploadPayload) => Promise<UploadResult>'.
      Type '[payload: UploadPayload]' provides no match for the signature '(payload: UploadPayload): Promise<UploadResult>'.
